<?xml version="1.0" encoding="UTF-8"?>
<!-- Generated by org.testng.reporters.JUnitReportReporter -->
<testsuite hostname="LAPTOP-T4TBH22P" failures="0" tests="1" name="opencartRunner.OpencartRunnerFile" time="51.469" errors="0" timestamp="2021-04-20T12:50:40 IST" skipped="0">
  <testcase classname="opencartRunner.OpencartRunnerFile" name="feature" time="51.469"/>
  <system-out/>
</testsuite> <!-- opencartRunner.OpencartRunnerFile -->
